<?xml version="1.0" encoding="UTF-8"?>
<!-- Generated by org.testng.reporters.JUnitReportReporter -->
<testsuite hostname="LIN-JWFH1J3" failures="0" tests="5" name="runner.footer1Runner" time="0.173" errors="0" timestamp="2024-04-02T12:47:58 IST" skipped="0">
  <testcase classname="runner.footer1Runner" name="runScenario" time="0.141"/>
  <system-out/>
  <testcase classname="runner.footer1Runner" name="runScenario" time="0.007"/>
  <system-out/>
  <testcase classname="runner.footer1Runner" name="runScenario" time="0.008"/>
  <system-out/>
  <testcase classname="runner.footer1Runner" name="runScenario" time="0.009"/>
  <system-out/>
  <testcase classname="runner.footer1Runner" name="runScenario" time="0.008"/>
  <system-out/>
</testsuite> <!-- runner.footer1Runner -->
